<?xml version="1.0" encoding="UTF-8"?>
<!-- Generated by org.testng.reporters.JUnitReportReporter -->
<testsuite hostname="Bharath" name="roark.drivers.ParallelExecution" tests="2" failures="0" timestamp="9 Feb 2013 07:12:52 GMT" time="323.145" errors="0">
  <testcase name="suiteDriver" time="208.092" classname="roark.drivers.ParallelExecution"/>
  <testcase name="suiteDriver" time="115.053" classname="roark.drivers.ParallelExecution"/>
</testsuite> <!-- roark.drivers.ParallelExecution -->
