<?xml version="1.0" encoding="UTF-8"?>
<!-- Generated by org.testng.reporters.JUnitReportReporter -->
<testsuite hostname="Bharath" name="roark.drivers.CBT_ParallelDriver" tests="2" failures="0" timestamp="18 Feb 2013 09:45:06 GMT" time="204.533" errors="0">
  <testcase name="suiteDriver" time="102.243" classname="roark.drivers.CBT_ParallelDriver"/>
  <testcase name="suiteDriver" time="102.290" classname="roark.drivers.CBT_ParallelDriver"/>
</testsuite> <!-- roark.drivers.CBT_ParallelDriver -->
