<?xml version="1.0" encoding="UTF-8"?>
<!-- Generated by org.testng.reporters.JUnitReportReporter -->
<testsuite hostname="Bharath" name="roark.drivers.CBT_ParallelDriver" tests="2" failures="0" timestamp="15 Feb 2013 09:59:01 GMT" time="216.710" errors="0">
  <testcase name="suiteDriver" time="183.550" classname="roark.drivers.CBT_ParallelDriver"/>
  <testcase name="suiteDriver" time="33.160" classname="roark.drivers.CBT_ParallelDriver"/>
</testsuite> <!-- roark.drivers.CBT_ParallelDriver -->
